<?xml version="1.0" encoding="UTF-8"?>
<testsuite xmlns:xsi="http://www.w3.org/2001/XMLSchema-instance" xsi:noNamespaceSchemaLocation="https://maven.apache.org/surefire/maven-surefire-plugin/xsd/surefire-test-report-3.0.xsd" version="3.0" name="TestRunner.TestRunner" time="40.228" tests="1" errors="0" skipped="0" failures="0">
  <properties>
[...]
</properties>
  <testcase name="To get the Consultants availability for Knee replacement" classname="Knee replacement appointment booking" time="40.129">
    <system-out><![CDATA[----------------------------------------------------
Step 1: Launching the Browser
Step 2: Accepting the Cookies
Step 3: Clicking on Book a Appointment Button
Step 4: Searching for the Treatment: Knee replacement surgery
Step 5: Entering the Location: London, UK
Step 6: Clicking on Search Button
Step 7: Select the Date: Thursday, September 28, 2023
Failed with exception: org.openqa.selenium.NoSuchElementException: no such element: Unable to locate element: {"method":"xpath","selector":"(//span[@aria-label='Thursday, September 28, 2023'])[1]"}
  (Session info: chrome=117.0.5938.63)
For documentation on this error, please visit: https://www.seleniumhq.org/exceptions/no_such_element.html
Build info: version: '3.141.59', revision: 'e82be7d358', time: '2018-11-14T08:17:03'
System info: host: 'DESKTOP-MAVEO03', ip: '192.168.1.95', os.name: 'Windows 11', os.arch: 'amd64', os.version: '10.0', java.version: '20.0.2'
Driver info: org.openqa.selenium.chrome.ChromeDriver
Capabilities {acceptInsecureCerts: false, browserName: chrome, browserVersion: 117.0.5938.63, chrome: {chromedriverVersion: 117.0.5938.62 (25a7172909a4..., userDataDir: C:\Users\Acer\AppData\Local...}, fedcm:accounts: true, goog:chromeOptions: {debuggerAddress: localhost:55137}, javascriptEnabled: true, networkConnectionEnabled: false, pageLoadStrategy: normal, platform: WINDOWS, platformName: WINDOWS, proxy: Proxy(), setWindowRect: true, strictFileInteractability: false, timeouts: {implicit: 0, pageLoad: 300000, script: 30000}, unhandledPromptBehavior: dismiss and notify, webauthn:extension:credBlob: true, webauthn:extension:largeBlob: true, webauthn:extension:minPinLength: true, webauthn:extension:prf: true, webauthn:virtualAuthenticators: true}
Session ID: 1feb22da3a29219c02a9571cd08097cd
*** Element info: {Using=xpath, value=(//span[@aria-label='Thursday, September 28, 2023'])[1]}
The Consultant results are as following: 
1. Mr Mike Thilagarajah
Title: Consultant Orthopaedic & Trauma Surgeon
Fees: Consultation fee: £250.00
Distance from your location and Address: Within 6 miles -
The Blackheath Hospital, London, SE3 9UD
----------------------------------------------------------------------------------------
2. Mr Aria Daneshfar
Title: Consultant Orthopaedic Surgeon
Fees: Consultation fee: £250.00
Distance from your location and Address: Within 6 miles -
The Blackheath Hospital, London, SE3 9UD
----------------------------------------------------------------------------------------
3. Mr Mudussar Ahmad
Title: Consultant Trauma and Orthopaedic Surgeon
Fees: Consultation fee: £275.00
Distance from your location and Address: Within 8 miles -
Hendon Hospital, Hendon, NW4 1RP
----------------------------------------------------------------------------------------
4. Mr Jonathan Bird
Title: Consultant Orthopaedic Surgeon
Fees: Consultation fee: £200.00
Distance from your location and Address: Within 6 miles -
The Blackheath Hospital, London, SE3 9UD
----------------------------------------------------------------------------------------
5. Mr Dominic Davenport
Title: Consultant Orthopaedic Surgeon
Fees: Consultation fee: £200.00
Distance from your location and Address: Within 6 miles -
The Blackheath Hospital, London, SE3 9UD
----------------------------------------------------------------------------------------
6. Mr Matthew Gee
Title: Consultant Orthopaedic Surgeon
Fees: Consultation fee: £250.00
Distance from your location and Address: Within 6 miles -
The Blackheath Hospital, London, SE3 9UD
----------------------------------------------------------------------------------------
]]></system-out>
    <system-err><![CDATA[Starting ChromeDriver 117.0.5938.62 (25a7172909a4cba7355365cf424d7d7eb35231f4-refs/branch-heads/5938@{#1146}) on port 20794
Only local connections are allowed.
Please see https://chromedriver.chromium.org/security-considerations for suggestions on keeping ChromeDriver safe.
ChromeDriver was started successfully.
Sept 15, 2023 9:18:48 AM org.openqa.selenium.remote.ProtocolHandshake createSession
INFO: Detected dialect: W3C
]]></system-err>
  </testcase>
</testsuite>